<?xml version="1.0" encoding="UTF-8"?>
<!-- Generated by org.testng.reporters.JUnitReportReporter -->
<testsuite hostname="Nabyendu-PC" name="testCases.BookFlightScript" tests="1" failures="0" timestamp="27 May 2017 04:52:46 GMT" time="9.760" errors="0">
  <testcase name="flightBookFlow" time="9.760" classname="testCases.BookFlightScript"/>
</testsuite> <!-- testCases.BookFlightScript -->
